<script xmlns="http://www.nokia.com/ns/cep/script/1.0/"
xmlns:cep="http://www.nokia.com/ns/cep/1.0/">
    <if>
        <and>
		        <equals>
		            <contextRef source='Application.State'
		            		 type='Foreground.Application'/>
		            <cep:string>MusicPlayer</cep:string>
		        </equals>
		        <equals>
		            <contextRef source='Application.State'
		            		 type='Foreground.View'/>
		            <cep:string>NowPlaying</cep:string>
		        </equals>
        </and>
        <actions>
            <!-- start calendar app -->
            <startApp appUid='10005901' viewUid='00000001' msgUid='00000000' msg='msg'/>
        </actions>
    </if>
</script>
