<script xmlns="http://www.nokia.com/ns/cep/script/1.0/"
xmlns:cep="http://www.nokia.com/ns/cep/1.0/">
    <if>
    	<contextUpdated>
	        <contextRef source='action.source' type='action.source.v2'/>
    	</contextUpdated>
        <actions>
            <action_v2 param='trigger'/>
        </actions>
    </if>
</script>
