<script xmlns="http://www.nokia.com/ns/cep/script/1.0/"
xmlns:cep="http://www.nokia.com/ns/cep/1.0/">
    <if>
    	<and>
	        <count oneShotAt='2' type='change'
	        	persistencyFile='testCountPersistency.dat'>
	            <contextRef source='Test' type='Counting'/>
	            <string>A</string>
	        </count>
	        <equal>
	            <contextRef source='Test' type='Control'
	                        value='True'/>
	        </equal>
    	</and>
        <actions>
            <testAction/>
        </actions>
    </if>
</script>
