<script xmlns="http://www.nokia.com/ns/cep/script/1.0/"
xmlns:cep="http://www.nokia.com/ns/cep/1.0/">
    <if>
        <less>
            <contextRef source='Sensor' type='X.RawValue'/>
            <cep:int>150</cep:int>
        </less>
        <actions>
            <!-- start calendar app -->
            <startApp appUid='10005901' viewUid='00000001' msgUid='00000000' msg='msg'/>
        </actions>
    </if>
</script>
