<script xmlns="http://www.nokia.com/ns/cep/script/1.0/"
xmlns:cep="http://www.nokia.com/ns/cep/1.0/">
    <if>
    	<and>
	        <count repeatInterval='2' type='change'>
	            <contextRef source='Test' type='Counting'/>
	        </count>
	        <equal>
	            <contextRef source='Test' type='Control'
	                        value='True'/>
	        </equal>
    	</and>
        <actions>
            <testAction/>
        </actions>
    </if>
</script>
