<script xmlns="http://www.nokia.com/ns/cep/script/1.0/"
xmlns:cep="http://www.nokia.com/ns/cep/1.0/">
    <if>
        <contextUpdated>
            <contextRef
            	source='source.romPublishContext2'
            	type='type.romPublishContext2'
            	value='true'/>
        </contextUpdated>
        <actions>
			<publishContext define='true'>
				<contextRef source='source.romPublishContext2'
					type='type.romPublishContext2.reply'
					value='true'/>
			</publishContext>
        </actions>
    </if>
</script>
