<script xmlns="http://www.nokia.com/ns/cep/script/1.0/"
xmlns:cep="http://www.nokia.com/ns/cep/1.0/">
    <if>
    	<operation_v2>
    		<source>operation.source</source>
    		<type>operation.type.v2</type>
    		<value>true</value>
    	</operation_v2>
        <actions>
            <operationAction_v2 param='true'/>
        </actions>
    </if>
</script>
