<script xmlns="http://www.nokia.com/ns/cep/script/1.0/"
xmlns:cep="http://www.nokia.com/ns/cep/1.0/">
	<if>
	   	<contextUpdated>
	        <contextRef source='test' type='save.script'/>
	    </contextUpdated>
	    <actions>
	        <saveScript id='triggered'/>
	    </actions>
	</if>
</script>