<!-- Testing ambiguous comparison attribute definition, not allowed -->

<script xmlns="http://www.nokia.com/ns/cep/script/1.0/"
xmlns:cep="http://www.nokia.com/ns/cep/1.0/">
    <if>
        <equals>
            <contextRef source='Application.State'
				type='Foreground.Application'
				value='MusicPlayer'/>
            <string>MusicPlayer</string>
        </equals>
        <actions>
            <!-- start calendar app -->
            <startApp appUid='10005901' viewUid='00000001' msgUid='00000000' msg='msg'/>
        </actions>
    </if>
</script>
