<script xmlns="http://www.nokia.com/ns/cep/script/1.0/"
xmlns:cep="http://www.nokia.com/ns/cep/1.0/">
    <if>
        <equals>
            <contextRef source='t' type='t.p.app'/>
            <cep:string>ok</cep:string>
        </equals>
        <actions>
						<publishContext>
								<contextRef source='Sensor'
										type='Z.Acceleration'
								 		value='Medium'/>
						</publishContext>
        </actions>
    </if>
</script>
