<script xmlns="http://www.nokia.com/ns/cep/script/1.0/"
xmlns:cep="http://www.nokia.com/ns/cep/1.0/">
    <if>
        <contextChanged>
            <contextRef source='Application.State' type='Foreground.View'/>
        </contextChanged>
        <actions>
            <!-- start calendar app -->
            <startApp appUid='10005901' viewUid='00000001' msgUid='00000000' msg='msg'/>
        </actions>
    </if>
</script>
